<?xml version="1.0" encoding="UTF-8"?>
<!-- Generated by org.testng.reporters.JUnitReportReporter -->
<testsuite hostname="LAPTOP-0Q65M2S0" failures="0" tests="2" name="testCases.TestValidate" time="2.499" errors="0" timestamp="2022-08-18T16:06:48 IST" skipped="0">
  <testcase classname="testCases.TestValidate" name="tc1_validateForeignPlayers" time="2.205"/>
  <system-out>
    <![CDATA[Test Started
Test Pass: Team has only 4 foregin players]]>
  </system-out>
  <testcase classname="testCases.TestValidate" name="tc2_validateWicketKeeper" time="0.294"/>
  <system-out>
    <![CDATA[Test Started
Test Pass: Team has  wicket keeper]]>
  </system-out>
</testsuite> <!-- testCases.TestValidate -->
